20-Oct-2022 15:30:56.699 정보 [main] org.apache.catalina.startup.VersionLoggerListener.log 서버 버전 이름:    Apache Tomcat/8.5.83
20-Oct-2022 15:30:56.706 정보 [main] org.apache.catalina.startup.VersionLoggerListener.log Server 빌드 시각:  Oct 3 2022 21:11:09 UTC
20-Oct-2022 15:30:56.706 정보 [main] org.apache.catalina.startup.VersionLoggerListener.log Server 버전 번호:  8.5.83.0
20-Oct-2022 15:30:56.706 정보 [main] org.apache.catalina.startup.VersionLoggerListener.log 운영체제 이름:     Mac OS X
20-Oct-2022 15:30:56.706 정보 [main] org.apache.catalina.startup.VersionLoggerListener.log 운영체제 버전:     12.6
20-Oct-2022 15:30:56.706 정보 [main] org.apache.catalina.startup.VersionLoggerListener.log 아키텍처:          aarch64
20-Oct-2022 15:30:56.707 정보 [main] org.apache.catalina.startup.VersionLoggerListener.log 자바 홈:           /Library/Java/JavaVirtualMachines/zulu-16.jdk/Contents/Home
20-Oct-2022 15:30:56.707 정보 [main] org.apache.catalina.startup.VersionLoggerListener.log JVM 버전:          16.0.2+7
20-Oct-2022 15:30:56.707 정보 [main] org.apache.catalina.startup.VersionLoggerListener.log JVM 벤더:          Azul Systems, Inc.
20-Oct-2022 15:30:56.707 정보 [main] org.apache.catalina.startup.VersionLoggerListener.log CATALINA_BASE:     /Users/youngjinson/Downloads/apache-tomcat-8.5.83
20-Oct-2022 15:30:56.707 정보 [main] org.apache.catalina.startup.VersionLoggerListener.log CATALINA_HOME:     /Users/youngjinson/Downloads/apache-tomcat-8.5.83
20-Oct-2022 15:30:56.708 정보 [main] org.apache.catalina.startup.VersionLoggerListener.log 명령 행 아규먼트:  --add-opens=java.base/java.lang=ALL-UNNAMED
20-Oct-2022 15:30:56.708 정보 [main] org.apache.catalina.startup.VersionLoggerListener.log 명령 행 아규먼트:  --add-opens=java.base/java.io=ALL-UNNAMED
20-Oct-2022 15:30:56.708 정보 [main] org.apache.catalina.startup.VersionLoggerListener.log 명령 행 아규먼트:  --add-opens=java.base/java.util=ALL-UNNAMED
20-Oct-2022 15:30:56.708 정보 [main] org.apache.catalina.startup.VersionLoggerListener.log 명령 행 아규먼트:  --add-opens=java.base/java.util.concurrent=ALL-UNNAMED
20-Oct-2022 15:30:56.708 정보 [main] org.apache.catalina.startup.VersionLoggerListener.log 명령 행 아규먼트:  --add-opens=java.rmi/sun.rmi.transport=ALL-UNNAMED
20-Oct-2022 15:30:56.708 정보 [main] org.apache.catalina.startup.VersionLoggerListener.log 명령 행 아규먼트:  -Djava.util.logging.config.file=/Users/youngjinson/Downloads/apache-tomcat-8.5.83/conf/logging.properties
20-Oct-2022 15:30:56.708 정보 [main] org.apache.catalina.startup.VersionLoggerListener.log 명령 행 아규먼트:  -Djava.util.logging.manager=org.apache.juli.ClassLoaderLogManager
20-Oct-2022 15:30:56.709 정보 [main] org.apache.catalina.startup.VersionLoggerListener.log 명령 행 아규먼트:  -Djdk.tls.ephemeralDHKeySize=2048
20-Oct-2022 15:30:56.709 정보 [main] org.apache.catalina.startup.VersionLoggerListener.log 명령 행 아규먼트:  -Djava.protocol.handler.pkgs=org.apache.catalina.webresources
20-Oct-2022 15:30:56.709 정보 [main] org.apache.catalina.startup.VersionLoggerListener.log 명령 행 아규먼트:  -Dorg.apache.catalina.security.SecurityListener.UMASK=0027
20-Oct-2022 15:30:56.709 정보 [main] org.apache.catalina.startup.VersionLoggerListener.log 명령 행 아규먼트:  -Dignore.endorsed.dirs=
20-Oct-2022 15:30:56.709 정보 [main] org.apache.catalina.startup.VersionLoggerListener.log 명령 행 아규먼트:  -Dcatalina.base=/Users/youngjinson/Downloads/apache-tomcat-8.5.83
20-Oct-2022 15:30:56.709 정보 [main] org.apache.catalina.startup.VersionLoggerListener.log 명령 행 아규먼트:  -Dcatalina.home=/Users/youngjinson/Downloads/apache-tomcat-8.5.83
20-Oct-2022 15:30:56.709 정보 [main] org.apache.catalina.startup.VersionLoggerListener.log 명령 행 아규먼트:  -Djava.io.tmpdir=/Users/youngjinson/Downloads/apache-tomcat-8.5.83/temp
20-Oct-2022 15:30:56.709 정보 [main] org.apache.catalina.core.AprLifecycleListener.lifecycleEvent 프로덕션 환경들에서 최적의 성능을 제공하는, APR 기반 Apache Tomcat Native 라이브러리가, 다음 java.library.path에서 발견되지 않습니다: [/Users/youngjinson/Library/Java/Extensions:/Library/Java/Extensions:/Network/Library/Java/Extensions:/System/Library/Java/Extensions:/usr/lib/java:.]
20-Oct-2022 15:30:56.737 정보 [main] org.apache.coyote.AbstractProtocol.init 프로토콜 핸들러 ["http-nio-8080"]을(를) 초기화합니다.
20-Oct-2022 15:30:56.788 정보 [main] org.apache.catalina.startup.Catalina.load Initialization processed in 479 ms
20-Oct-2022 15:30:56.824 정보 [main] org.apache.catalina.core.StandardService.startInternal 서비스 [Catalina]을(를) 시작합니다.
20-Oct-2022 15:30:56.824 정보 [main] org.apache.catalina.core.StandardEngine.startInternal 서버 엔진을 시작합니다: [Apache Tomcat/8.5.83]
20-Oct-2022 15:30:56.831 정보 [localhost-startStop-1] org.apache.catalina.startup.HostConfig.deployDirectory 웹 애플리케이션 디렉토리 [/Users/youngjinson/Downloads/apache-tomcat-8.5.83/webapps/docs]을(를) 배치합니다.
20-Oct-2022 15:30:57.026 정보 [localhost-startStop-1] org.apache.catalina.startup.HostConfig.deployDirectory 웹 애플리케이션 디렉토리 [/Users/youngjinson/Downloads/apache-tomcat-8.5.83/webapps/docs]에 대한 배치가 [189] 밀리초에 완료되었습니다.
20-Oct-2022 15:30:57.026 정보 [localhost-startStop-1] org.apache.catalina.startup.HostConfig.deployDirectory 웹 애플리케이션 디렉토리 [/Users/youngjinson/Downloads/apache-tomcat-8.5.83/webapps/manager]을(를) 배치합니다.
20-Oct-2022 15:30:57.051 정보 [localhost-startStop-1] org.apache.catalina.startup.HostConfig.deployDirectory 웹 애플리케이션 디렉토리 [/Users/youngjinson/Downloads/apache-tomcat-8.5.83/webapps/manager]에 대한 배치가 [25] 밀리초에 완료되었습니다.
20-Oct-2022 15:30:57.051 정보 [localhost-startStop-1] org.apache.catalina.startup.HostConfig.deployDirectory 웹 애플리케이션 디렉토리 [/Users/youngjinson/Downloads/apache-tomcat-8.5.83/webapps/examples]을(를) 배치합니다.
20-Oct-2022 15:30:57.224 정보 [localhost-startStop-1] org.apache.catalina.startup.HostConfig.deployDirectory 웹 애플리케이션 디렉토리 [/Users/youngjinson/Downloads/apache-tomcat-8.5.83/webapps/examples]에 대한 배치가 [173] 밀리초에 완료되었습니다.
20-Oct-2022 15:30:57.225 정보 [localhost-startStop-1] org.apache.catalina.startup.HostConfig.deployDirectory 웹 애플리케이션 디렉토리 [/Users/youngjinson/Downloads/apache-tomcat-8.5.83/webapps/ROOT]을(를) 배치합니다.
20-Oct-2022 15:30:57.238 정보 [localhost-startStop-1] org.apache.catalina.startup.HostConfig.deployDirectory 웹 애플리케이션 디렉토리 [/Users/youngjinson/Downloads/apache-tomcat-8.5.83/webapps/ROOT]에 대한 배치가 [13] 밀리초에 완료되었습니다.
20-Oct-2022 15:30:57.238 정보 [localhost-startStop-1] org.apache.catalina.startup.HostConfig.deployDirectory 웹 애플리케이션 디렉토리 [/Users/youngjinson/Downloads/apache-tomcat-8.5.83/webapps/host-manager]을(를) 배치합니다.
20-Oct-2022 15:30:57.255 정보 [localhost-startStop-1] org.apache.catalina.startup.HostConfig.deployDirectory 웹 애플리케이션 디렉토리 [/Users/youngjinson/Downloads/apache-tomcat-8.5.83/webapps/host-manager]에 대한 배치가 [17] 밀리초에 완료되었습니다.
20-Oct-2022 15:30:57.256 정보 [main] org.apache.coyote.AbstractProtocol.start 프로토콜 핸들러 ["http-nio-8080"]을(를) 시작합니다.
20-Oct-2022 15:30:57.268 정보 [main] org.apache.catalina.startup.Catalina.start Server startup in 479 ms
20-Oct-2022 15:36:01.505 정보 [http-nio-8080-exec-1] org.apache.coyote.http11.Http11Processor.service HTTP 요청 헤더를 파싱하는 중 오류 발생
 비고: HTTP 요청 파싱 오류들이 더 발생하는 경우 DEBUG 레벨 로그로 기록될 것입니다.
	java.lang.IllegalArgumentException: 메소드 이름에 유효하지 않은 문자가 발견되었습니다. HTTP 메소드 이름은 유효한 토큰이어야 합니다.
		at org.apache.coyote.http11.Http11InputBuffer.parseRequestLine(Http11InputBuffer.java:434)
		at org.apache.coyote.http11.Http11Processor.service(Http11Processor.java:513)
		at org.apache.coyote.AbstractProcessorLight.process(AbstractProcessorLight.java:65)
		at org.apache.coyote.AbstractProtocol$ConnectionHandler.process(AbstractProtocol.java:885)
		at org.apache.tomcat.util.net.NioEndpoint$SocketProcessor.doRun(NioEndpoint.java:1693)
		at org.apache.tomcat.util.net.SocketProcessorBase.run(SocketProcessorBase.java:49)
		at org.apache.tomcat.util.threads.ThreadPoolExecutor.runWorker(ThreadPoolExecutor.java:1191)
		at org.apache.tomcat.util.threads.ThreadPoolExecutor$Worker.run(ThreadPoolExecutor.java:659)
		at org.apache.tomcat.util.threads.TaskThread$WrappingRunnable.run(TaskThread.java:61)
		at java.base/java.lang.Thread.run(Thread.java:831)
20-Oct-2022 16:22:04.102 정보 [main] org.apache.catalina.core.StandardServer.await 셧다운 포트를 통해 유효한 셧다운 명령을 받았습니다. 서버 인스턴스를 중지시킵니다.
20-Oct-2022 16:22:04.111 정보 [main] org.apache.coyote.AbstractProtocol.pause 프로토콜 핸들러 ["http-nio-8080"]을(를) 일시 정지 중
20-Oct-2022 16:22:04.124 정보 [main] org.apache.catalina.core.StandardService.stopInternal 서비스 [Catalina]을(를) 중지시킵니다.
20-Oct-2022 16:22:04.170 정보 [main] org.apache.coyote.AbstractProtocol.stop 프로토콜 핸들러 ["http-nio-8080"]을(를) 중지시킵니다.
20-Oct-2022 16:22:04.186 정보 [main] org.apache.coyote.AbstractProtocol.destroy 프로토콜 핸들러 ["http-nio-8080"]을(를) 소멸시킵니다.
